<?xml version="1.0" encoding="UTF-8"?>
<testng-results ignored="0" total="1" passed="1" failed="0" skipped="0">
  <reporter-output>
  </reporter-output>
  <suite started-at="2023-12-02T11:30:19 IST" name="All Test Suite" finished-at="2023-12-02T11:30:20 IST" duration-ms="1254">
    <groups>
    </groups>
    <test started-at="2023-12-02T11:30:19 IST" name="SmokeTest" finished-at="2023-12-02T11:30:20 IST" duration-ms="1254">
      <class name="AAAWebTests.SauceLoginTests">
        <test-method is-config="true" signature="initializeDrivers(java.lang.String)[pri:0, instance:AAAWebTests.SauceLoginTests@659499f1]" started-at="2023-12-02T11:30:16 IST" name="initializeDrivers" finished-at="2023-12-02T11:30:19 IST" duration-ms="3081" status="PASS">
          <params>
            <param index="0">
              <value>
                <![CDATA[chrome]]>
              </value>
            </param>
          </params>
          <reporter-output>
          </reporter-output>
        </test-method> <!-- initializeDrivers -->
        <test-method is-config="true" signature="launchApplication(java.lang.String)[pri:0, instance:AAAWebTests.SauceLoginTests@659499f1]" started-at="2023-12-02T11:30:19 IST" name="launchApplication" finished-at="2023-12-02T11:30:19 IST" duration-ms="625" status="PASS">
          <params>
            <param index="0">
              <value>
                <![CDATA[https://www.saucedemo.com/]]>
              </value>
            </param>
          </params>
          <reporter-output>
          </reporter-output>
        </test-method> <!-- launchApplication -->
        <test-method is-config="true" signature="initializePages()[pri:0, instance:AAAWebTests.SauceLoginTests@659499f1]" started-at="2023-12-02T11:30:19 IST" name="initializePages" finished-at="2023-12-02T11:30:19 IST" duration-ms="49" status="PASS">
          <reporter-output>
          </reporter-output>
        </test-method> <!-- initializePages -->
        <test-method signature="verifyUsingValidCredentials()[pri:0, instance:AAAWebTests.SauceLoginTests@659499f1]" started-at="2023-12-02T11:30:19 IST" name="verifyUsingValidCredentials" finished-at="2023-12-02T11:30:20 IST" duration-ms="536" status="PASS">
          <reporter-output>
          </reporter-output>
        </test-method> <!-- verifyUsingValidCredentials -->
        <test-method is-config="true" signature="killSession()[pri:0, instance:AAAWebTests.SauceLoginTests@659499f1]" started-at="2023-12-02T11:30:20 IST" name="killSession" finished-at="2023-12-02T11:30:20 IST" duration-ms="147" status="PASS">
          <reporter-output>
          </reporter-output>
        </test-method> <!-- killSession -->
      </class> <!-- AAAWebTests.SauceLoginTests -->
    </test> <!-- SmokeTest -->
  </suite> <!-- All Test Suite -->
</testng-results>
